<?xml version="1.0" encoding="UTF-8"?>
<coverage generated="1707264963035" clover="3.2.0">
  <project timestamp="1707264963035" name="All files">
    <metrics statements="19" coveredstatements="10" conditionals="6" coveredconditionals="0" methods="12" coveredmethods="5" elements="37" coveredelements="15" complexity="0" loc="19" ncloc="19" packages="1" files="2" classes="2"/>
    <file name="Deck.ts" path="/Users/julian/Development/Web/Projects/blackjack-primitive/Deck.ts">
      <metrics statements="15" coveredstatements="8" conditionals="6" coveredconditionals="0" methods="9" coveredmethods="4"/>
      <line num="13" count="1" type="stmt"/>
      <line num="14" count="1" type="stmt"/>
      <line num="15" count="1" type="stmt"/>
      <line num="32" count="1" type="stmt"/>
      <line num="33" count="4" type="stmt"/>
      <line num="35" count="52" type="stmt"/>
      <line num="36" count="52" type="stmt"/>
      <line num="42" count="0" type="cond" truecount="0" falsecount="2"/>
      <line num="43" count="0" type="stmt"/>
      <line num="46" count="0" type="stmt"/>
      <line num="49" count="0" type="cond" truecount="0" falsecount="2"/>
      <line num="52" count="0" type="stmt"/>
      <line num="53" count="0" type="stmt"/>
      <line num="59" count="0" type="cond" truecount="0" falsecount="2"/>
      <line num="62" count="1" type="stmt"/>
    </file>
    <file name="PlayingCard.ts" path="/Users/julian/Development/Web/Projects/blackjack-primitive/PlayingCard.ts">
      <metrics statements="4" coveredstatements="2" conditionals="0" coveredconditionals="0" methods="3" coveredmethods="1"/>
      <line num="6" count="52" type="stmt"/>
      <line num="7" count="52" type="stmt"/>
      <line num="11" count="0" type="stmt"/>
      <line num="15" count="0" type="stmt"/>
    </file>
  </project>
</coverage>
