{"/Users/julian/Development/Web/Projects/blackjack-primitive/Deck.ts": {"path":"/Users/julian/Development/Web/Projects/blackjack-primitive/Deck.ts","statementMap":{"0":{"start":{"line":13,"column":37},"end":{"line":13,"column":39}},"1":{"start":{"line":14,"column":34},"end":{"line":14,"column":75}},"2":{"start":{"line":15,"column":34},"end":{"line":29,"column":3}},"3":{"start":{"line":32,"column":4},"end":{"line":38,"column":7}},"4":{"start":{"line":33,"column":6},"end":{"line":37,"column":9}},"5":{"start":{"line":35,"column":21},"end":{"line":35,"column":48}},"6":{"start":{"line":36,"column":8},"end":{"line":36,"column":29}},"7":{"start":{"line":42,"column":4},"end":{"line":42,"column":34}},"8":{"start":{"line":42,"column":22},"end":{"line":42,"column":34}},"9":{"start":{"line":43,"column":4},"end":{"line":43,"column":25}},"10":{"start":{"line":46,"column":4},"end":{"line":46,"column":27}},"11":{"start":{"line":49,"column":4},"end":{"line":49,"column":50}},"12":{"start":{"line":52,"column":15},"end":{"line":52,"column":45}},"13":{"start":{"line":53,"column":4},"end":{"line":56,"column":6}},"14":{"start":{"line":59,"column":4},"end":{"line":59,"column":48}},"15":{"start":{"line":62,"column":4},"end":{"line":62,"column":28}}},"fnMap":{"0":{"name":"(anonymous_0)","decl":{"start":{"line":31,"column":2},"end":{"line":31,"column":3}},"loc":{"start":{"line":31,"column":16},"end":{"line":39,"column":3}},"line":31},"1":{"name":"(anonymous_1)","decl":{"start":{"line":32,"column":23},"end":{"line":32,"column":24}},"loc":{"start":{"line":32,"column":33},"end":{"line":38,"column":5}},"line":32},"2":{"name":"(anonymous_2)","decl":{"start":{"line":33,"column":25},"end":{"line":33,"column":26}},"loc":{"start":{"line":33,"column":35},"end":{"line":37,"column":7}},"line":33},"3":{"name":"(anonymous_3)","decl":{"start":{"line":41,"column":2},"end":{"line":41,"column":3}},"loc":{"start":{"line":41,"column":27},"end":{"line":44,"column":3}},"line":41},"4":{"name":"(anonymous_4)","decl":{"start":{"line":45,"column":2},"end":{"line":45,"column":3}},"loc":{"start":{"line":45,"column":8},"end":{"line":47,"column":3}},"line":45},"5":{"name":"(anonymous_5)","decl":{"start":{"line":48,"column":2},"end":{"line":48,"column":3}},"loc":{"start":{"line":48,"column":11},"end":{"line":50,"column":3}},"line":48},"6":{"name":"(anonymous_6)","decl":{"start":{"line":51,"column":2},"end":{"line":51,"column":3}},"loc":{"start":{"line":51,"column":9},"end":{"line":57,"column":3}},"line":51},"7":{"name":"(anonymous_7)","decl":{"start":{"line":58,"column":2},"end":{"line":58,"column":3}},"loc":{"start":{"line":58,"column":21},"end":{"line":60,"column":3}},"line":58},"8":{"name":"(anonymous_8)","decl":{"start":{"line":61,"column":2},"end":{"line":61,"column":3}},"loc":{"start":{"line":61,"column":17},"end":{"line":63,"column":3}},"line":61}},"branchMap":{"0":{"loc":{"start":{"line":42,"column":4},"end":{"line":42,"column":34}},"type":"if","locations":[{"start":{"line":42,"column":4},"end":{"line":42,"column":34}},{"start":{},"end":{}}],"line":42},"1":{"loc":{"start":{"line":49,"column":11},"end":{"line":49,"column":49}},"type":"cond-expr","locations":[{"start":{"line":49,"column":37},"end":{"line":49,"column":41}},{"start":{"line":49,"column":44},"end":{"line":49,"column":49}}],"line":49},"2":{"loc":{"start":{"line":59,"column":11},"end":{"line":59,"column":47}},"type":"cond-expr","locations":[{"start":{"line":59,"column":35},"end":{"line":59,"column":39}},{"start":{"line":59,"column":42},"end":{"line":59,"column":47}}],"line":59}},"s":{"0":1,"1":1,"2":1,"3":1,"4":4,"5":52,"6":52,"7":0,"8":0,"9":0,"10":0,"11":0,"12":0,"13":0,"14":0,"15":1},"f":{"0":1,"1":4,"2":52,"3":0,"4":0,"5":0,"6":0,"7":0,"8":1},"b":{"0":[0,0],"1":[0,0],"2":[0,0]},"_coverageSchema":"1a1c01bbd47fc00a2c39e90264f33305004495a9","hash":"4f212ae479a23059d567a33b96681353a9ee25cd"}
,"/Users/julian/Development/Web/Projects/blackjack-primitive/PlayingCard.ts": {"path":"/Users/julian/Development/Web/Projects/blackjack-primitive/PlayingCard.ts","statementMap":{"0":{"start":{"line":6,"column":4},"end":{"line":6,"column":23}},"1":{"start":{"line":7,"column":4},"end":{"line":7,"column":21}},"2":{"start":{"line":11,"column":4},"end":{"line":11,"column":22}},"3":{"start":{"line":15,"column":4},"end":{"line":15,"column":21}}},"fnMap":{"0":{"name":"(anonymous_0)","decl":{"start":{"line":5,"column":2},"end":{"line":5,"column":3}},"loc":{"start":{"line":5,"column":43},"end":{"line":8,"column":3}},"line":5},"1":{"name":"(anonymous_1)","decl":{"start":{"line":10,"column":2},"end":{"line":10,"column":3}},"loc":{"start":{"line":10,"column":13},"end":{"line":12,"column":3}},"line":10},"2":{"name":"(anonymous_2)","decl":{"start":{"line":14,"column":2},"end":{"line":14,"column":3}},"loc":{"start":{"line":14,"column":12},"end":{"line":16,"column":3}},"line":14}},"branchMap":{},"s":{"0":52,"1":52,"2":0,"3":0},"f":{"0":52,"1":0,"2":0},"b":{},"_coverageSchema":"1a1c01bbd47fc00a2c39e90264f33305004495a9","hash":"36a5dca4f50429b9bc2098d00a44cde4fdc5165b"}
}
