TN:
SF:Deck.ts
FN:31,(anonymous_0)
FN:32,(anonymous_1)
FN:33,(anonymous_2)
FN:41,(anonymous_3)
FN:45,(anonymous_4)
FN:48,(anonymous_5)
FN:51,(anonymous_6)
FN:58,(anonymous_7)
FN:61,(anonymous_8)
FNF:9
FNH:4
FNDA:1,(anonymous_0)
FNDA:4,(anonymous_1)
FNDA:52,(anonymous_2)
FNDA:0,(anonymous_3)
FNDA:0,(anonymous_4)
FNDA:0,(anonymous_5)
FNDA:0,(anonymous_6)
FNDA:0,(anonymous_7)
FNDA:1,(anonymous_8)
DA:13,1
DA:14,1
DA:15,1
DA:32,1
DA:33,4
DA:35,52
DA:36,52
DA:42,0
DA:43,0
DA:46,0
DA:49,0
DA:52,0
DA:53,0
DA:59,0
DA:62,1
LF:15
LH:8
BRDA:42,0,0,0
BRDA:42,0,1,0
BRDA:49,1,0,0
BRDA:49,1,1,0
BRDA:59,2,0,0
BRDA:59,2,1,0
BRF:6
BRH:0
end_of_record
TN:
SF:PlayingCard.ts
FN:5,(anonymous_0)
FN:10,(anonymous_1)
FN:14,(anonymous_2)
FNF:3
FNH:1
FNDA:52,(anonymous_0)
FNDA:0,(anonymous_1)
FNDA:0,(anonymous_2)
DA:6,52
DA:7,52
DA:11,0
DA:15,0
LF:4
LH:2
BRF:0
BRH:0
end_of_record
